{"/home/alberto/api-mongoose/server.js": {"path":"/home/alberto/api-mongoose/server.js","statementMap":{"0":{"start":{"line":1,"column":16},"end":{"line":1,"column":34}},"1":{"start":{"line":2,"column":17},"end":{"line":2,"column":36}},"2":{"start":{"line":3,"column":15},"end":{"line":3,"column":32}},"3":{"start":{"line":4,"column":23},"end":{"line":4,"column":63}},"4":{"start":{"line":5,"column":20},"end":{"line":5,"column":56}},"5":{"start":{"line":6,"column":12},"end":{"line":6,"column":21}},"6":{"start":{"line":7,"column":18},"end":{"line":7,"column":112}},"7":{"start":{"line":10,"column":16},"end":{"line":19,"column":6}},"8":{"start":{"line":14,"column":12},"end":{"line":14,"column":30}},"9":{"start":{"line":17,"column":12},"end":{"line":17,"column":57}},"10":{"start":{"line":21,"column":13},"end":{"line":26,"column":2}},"11":{"start":{"line":28,"column":0},"end":{"line":28,"column":45}},"12":{"start":{"line":29,"column":0},"end":{"line":29,"column":23}},"13":{"start":{"line":30,"column":0},"end":{"line":30,"column":45}},"14":{"start":{"line":33,"column":0},"end":{"line":39,"column":1}},"15":{"start":{"line":34,"column":4},"end":{"line":38,"column":6}},"16":{"start":{"line":41,"column":11},"end":{"line":41,"column":30}},"17":{"start":{"line":43,"column":0},"end":{"line":45,"column":2}},"18":{"start":{"line":44,"column":4},"end":{"line":44,"column":40}},"19":{"start":{"line":47,"column":0},"end":{"line":49,"column":2}},"20":{"start":{"line":48,"column":4},"end":{"line":48,"column":50}},"21":{"start":{"line":51,"column":0},"end":{"line":51,"column":39}},"22":{"start":{"line":53,"column":0},"end":{"line":53,"column":78}},"23":{"start":{"line":55,"column":0},"end":{"line":55,"column":45}},"24":{"start":{"line":57,"column":0},"end":{"line":57,"column":83}},"25":{"start":{"line":59,"column":0},"end":{"line":59,"column":47}},"26":{"start":{"line":61,"column":0},"end":{"line":63,"column":2}},"27":{"start":{"line":62,"column":4},"end":{"line":62,"column":32}},"28":{"start":{"line":65,"column":0},"end":{"line":65,"column":20}}},"fnMap":{"0":{"name":"(anonymous_0)","decl":{"start":{"line":13,"column":21},"end":{"line":13,"column":22}},"loc":{"start":{"line":13,"column":42},"end":{"line":15,"column":9}},"line":13},"1":{"name":"(anonymous_1)","decl":{"start":{"line":16,"column":18},"end":{"line":16,"column":19}},"loc":{"start":{"line":16,"column":39},"end":{"line":18,"column":9}},"line":16},"2":{"name":"(anonymous_2)","decl":{"start":{"line":43,"column":14},"end":{"line":43,"column":15}},"loc":{"start":{"line":43,"column":28},"end":{"line":45,"column":1}},"line":43},"3":{"name":"(anonymous_3)","decl":{"start":{"line":47,"column":16},"end":{"line":47,"column":17}},"loc":{"start":{"line":47,"column":27},"end":{"line":49,"column":1}},"line":47},"4":{"name":"(anonymous_4)","decl":{"start":{"line":61,"column":16},"end":{"line":61,"column":17}},"loc":{"start":{"line":61,"column":20},"end":{"line":63,"column":1}},"line":61}},"branchMap":{"0":{"loc":{"start":{"line":10,"column":16},"end":{"line":19,"column":6}},"type":"cond-expr","locations":[{"start":{"line":11,"column":6},"end":{"line":11,"column":28}},{"start":{"line":12,"column":6},"end":{"line":19,"column":6}}],"line":10},"1":{"loc":{"start":{"line":33,"column":0},"end":{"line":39,"column":1}},"type":"if","locations":[{"start":{"line":33,"column":0},"end":{"line":39,"column":1}},{"start":{"line":33,"column":0},"end":{"line":39,"column":1}}],"line":33}},"s":{"0":1,"1":1,"2":1,"3":1,"4":1,"5":1,"6":1,"7":1,"8":0,"9":0,"10":1,"11":1,"12":1,"13":1,"14":1,"15":0,"16":1,"17":1,"18":0,"19":1,"20":1,"21":1,"22":1,"23":1,"24":1,"25":1,"26":1,"27":1,"28":1},"f":{"0":0,"1":0,"2":0,"3":1,"4":1},"b":{"0":[0,1],"1":[0,1]},"_coverageSchema":"1a1c01bbd47fc00a2c39e90264f33305004495a9","hash":"7a337087f120825835d745d0af8ef5bdacba0221"}
,"/home/alberto/api-mongoose/controllers/UserControllers.js": {"path":"/home/alberto/api-mongoose/controllers/UserControllers.js","statementMap":{"0":{"start":{"line":1,"column":20},"end":{"line":1,"column":55}},"1":{"start":{"line":3,"column":15},"end":{"line":10,"column":1}},"2":{"start":{"line":4,"column":4},"end":{"line":9,"column":5}},"3":{"start":{"line":5,"column":21},"end":{"line":5,"column":59}},"4":{"start":{"line":6,"column":8},"end":{"line":6,"column":41}},"5":{"start":{"line":8,"column":8},"end":{"line":8,"column":42}},"6":{"start":{"line":12,"column":14},"end":{"line":19,"column":1}},"7":{"start":{"line":13,"column":4},"end":{"line":18,"column":5}},"8":{"start":{"line":14,"column":22},"end":{"line":14,"column":51}},"9":{"start":{"line":15,"column":8},"end":{"line":15,"column":42}},"10":{"start":{"line":17,"column":8},"end":{"line":17,"column":42}},"11":{"start":{"line":21,"column":16},"end":{"line":29,"column":1}},"12":{"start":{"line":22,"column":4},"end":{"line":28,"column":5}},"13":{"start":{"line":23,"column":23},"end":{"line":23,"column":33}},"14":{"start":{"line":24,"column":21},"end":{"line":24,"column":55}},"15":{"start":{"line":25,"column":8},"end":{"line":25,"column":41}},"16":{"start":{"line":27,"column":8},"end":{"line":27,"column":42}},"17":{"start":{"line":31,"column":15},"end":{"line":39,"column":1}},"18":{"start":{"line":32,"column":4},"end":{"line":38,"column":5}},"19":{"start":{"line":33,"column":23},"end":{"line":33,"column":33}},"20":{"start":{"line":34,"column":21},"end":{"line":34,"column":63}},"21":{"start":{"line":35,"column":8},"end":{"line":35,"column":41}},"22":{"start":{"line":37,"column":8},"end":{"line":37,"column":42}},"23":{"start":{"line":41,"column":15},"end":{"line":49,"column":1}},"24":{"start":{"line":42,"column":4},"end":{"line":48,"column":5}},"25":{"start":{"line":43,"column":21},"end":{"line":43,"column":31}},"26":{"start":{"line":44,"column":8},"end":{"line":44,"column":40}},"27":{"start":{"line":45,"column":8},"end":{"line":45,"column":30}},"28":{"start":{"line":47,"column":8},"end":{"line":47,"column":42}},"29":{"start":{"line":51,"column":0},"end":{"line":57,"column":1}}},"fnMap":{"0":{"name":"(anonymous_0)","decl":{"start":{"line":3,"column":15},"end":{"line":3,"column":16}},"loc":{"start":{"line":3,"column":33},"end":{"line":10,"column":1}},"line":3},"1":{"name":"(anonymous_1)","decl":{"start":{"line":12,"column":14},"end":{"line":12,"column":15}},"loc":{"start":{"line":12,"column":32},"end":{"line":19,"column":1}},"line":12},"2":{"name":"(anonymous_2)","decl":{"start":{"line":21,"column":16},"end":{"line":21,"column":17}},"loc":{"start":{"line":21,"column":35},"end":{"line":29,"column":1}},"line":21},"3":{"name":"(anonymous_3)","decl":{"start":{"line":31,"column":15},"end":{"line":31,"column":16}},"loc":{"start":{"line":31,"column":33},"end":{"line":39,"column":1}},"line":31},"4":{"name":"(anonymous_4)","decl":{"start":{"line":41,"column":15},"end":{"line":41,"column":16}},"loc":{"start":{"line":41,"column":33},"end":{"line":49,"column":1}},"line":41}},"branchMap":{},"s":{"0":1,"1":1,"2":2,"3":2,"4":1,"5":1,"6":1,"7":1,"8":1,"9":1,"10":0,"11":1,"12":0,"13":0,"14":0,"15":0,"16":0,"17":1,"18":0,"19":0,"20":0,"21":0,"22":0,"23":1,"24":0,"25":0,"26":0,"27":0,"28":0,"29":1},"f":{"0":2,"1":1,"2":0,"3":0,"4":0},"b":{},"_coverageSchema":"1a1c01bbd47fc00a2c39e90264f33305004495a9","hash":"bcbbfe8e7cabddaeb5a556fbba34ed7a55b5697e"}
,"/home/alberto/api-mongoose/middlewares/manageFiles.js": {"path":"/home/alberto/api-mongoose/middlewares/manageFiles.js","statementMap":{"0":{"start":{"line":1,"column":20},"end":{"line":1,"column":47}},"1":{"start":{"line":2,"column":0},"end":{"line":12,"column":1}},"2":{"start":{"line":3,"column":4},"end":{"line":10,"column":5}},"3":{"start":{"line":4,"column":8},"end":{"line":4,"column":35}},"4":{"start":{"line":4,"column":22},"end":{"line":4,"column":35}},"5":{"start":{"line":5,"column":20},"end":{"line":5,"column":41}},"6":{"start":{"line":6,"column":8},"end":{"line":6,"column":28}},"7":{"start":{"line":8,"column":8},"end":{"line":8,"column":35}},"8":{"start":{"line":8,"column":22},"end":{"line":8,"column":35}},"9":{"start":{"line":9,"column":8},"end":{"line":9,"column":73}},"10":{"start":{"line":11,"column":4},"end":{"line":11,"column":10}}},"fnMap":{"0":{"name":"(anonymous_0)","decl":{"start":{"line":2,"column":17},"end":{"line":2,"column":18}},"loc":{"start":{"line":2,"column":35},"end":{"line":12,"column":1}},"line":2}},"branchMap":{"0":{"loc":{"start":{"line":3,"column":4},"end":{"line":10,"column":5}},"type":"if","locations":[{"start":{"line":3,"column":4},"end":{"line":10,"column":5}},{"start":{"line":3,"column":4},"end":{"line":10,"column":5}}],"line":3},"1":{"loc":{"start":{"line":4,"column":8},"end":{"line":4,"column":35}},"type":"if","locations":[{"start":{"line":4,"column":8},"end":{"line":4,"column":35}},{"start":{"line":4,"column":8},"end":{"line":4,"column":35}}],"line":4},"2":{"loc":{"start":{"line":8,"column":8},"end":{"line":8,"column":35}},"type":"if","locations":[{"start":{"line":8,"column":8},"end":{"line":8,"column":35}},{"start":{"line":8,"column":8},"end":{"line":8,"column":35}}],"line":8}},"s":{"0":1,"1":1,"2":2,"3":0,"4":0,"5":0,"6":0,"7":2,"8":2,"9":0,"10":0},"f":{"0":2},"b":{"0":[0,2],"1":[0,0],"2":[2,0]},"_coverageSchema":"1a1c01bbd47fc00a2c39e90264f33305004495a9","hash":"94c61fa7114123b615c47dac28dc139933675e38"}
,"/home/alberto/api-mongoose/models/Users.js": {"path":"/home/alberto/api-mongoose/models/Users.js","statementMap":{"0":{"start":{"line":1,"column":17},"end":{"line":1,"column":36}},"1":{"start":{"line":2,"column":17},"end":{"line":2,"column":25}},"2":{"start":{"line":4,"column":19},"end":{"line":25,"column":20}},"3":{"start":{"line":27,"column":14},"end":{"line":27,"column":48}},"4":{"start":{"line":29,"column":0},"end":{"line":29,"column":22}}},"fnMap":{},"branchMap":{},"s":{"0":2,"1":2,"2":2,"3":2,"4":2},"f":{},"b":{},"_coverageSchema":"1a1c01bbd47fc00a2c39e90264f33305004495a9","hash":"f8a263beb3f9385bf474d92a272e76627ce0f788"}
,"/home/alberto/api-mongoose/services/UserServices.js": {"path":"/home/alberto/api-mongoose/services/UserServices.js","statementMap":{"0":{"start":{"line":1,"column":14},"end":{"line":1,"column":40}},"1":{"start":{"line":4,"column":19},"end":{"line":8,"column":1}},"2":{"start":{"line":5,"column":4},"end":{"line":5,"column":50}},"3":{"start":{"line":5,"column":14},"end":{"line":5,"column":50}},"4":{"start":{"line":6,"column":19},"end":{"line":6,"column":43}},"5":{"start":{"line":7,"column":4},"end":{"line":7,"column":17}},"6":{"start":{"line":10,"column":18},"end":{"line":12,"column":1}},"7":{"start":{"line":11,"column":4},"end":{"line":11,"column":31}},"8":{"start":{"line":14,"column":21},"end":{"line":18,"column":1}},"9":{"start":{"line":15,"column":17},"end":{"line":15,"column":41}},"10":{"start":{"line":16,"column":4},"end":{"line":16,"column":54}},"11":{"start":{"line":16,"column":14},"end":{"line":16,"column":54}},"12":{"start":{"line":17,"column":4},"end":{"line":17,"column":15}},"13":{"start":{"line":20,"column":19},"end":{"line":25,"column":1}},"14":{"start":{"line":21,"column":4},"end":{"line":21,"column":62}},"15":{"start":{"line":21,"column":14},"end":{"line":21,"column":62}},"16":{"start":{"line":22,"column":19},"end":{"line":22,"column":72}},"17":{"start":{"line":23,"column":4},"end":{"line":23,"column":56}},"18":{"start":{"line":23,"column":16},"end":{"line":23,"column":56}},"19":{"start":{"line":24,"column":4},"end":{"line":24,"column":17}},"20":{"start":{"line":27,"column":19},"end":{"line":29,"column":1}},"21":{"start":{"line":28,"column":4},"end":{"line":28,"column":42}},"22":{"start":{"line":31,"column":0},"end":{"line":37,"column":1}}},"fnMap":{"0":{"name":"(anonymous_0)","decl":{"start":{"line":4,"column":19},"end":{"line":4,"column":20}},"loc":{"start":{"line":4,"column":34},"end":{"line":8,"column":1}},"line":4},"1":{"name":"(anonymous_1)","decl":{"start":{"line":10,"column":18},"end":{"line":10,"column":19}},"loc":{"start":{"line":10,"column":29},"end":{"line":12,"column":1}},"line":10},"2":{"name":"(anonymous_2)","decl":{"start":{"line":14,"column":21},"end":{"line":14,"column":22}},"loc":{"start":{"line":14,"column":34},"end":{"line":18,"column":1}},"line":14},"3":{"name":"(anonymous_3)","decl":{"start":{"line":20,"column":19},"end":{"line":20,"column":20}},"loc":{"start":{"line":20,"column":37},"end":{"line":25,"column":1}},"line":20},"4":{"name":"(anonymous_4)","decl":{"start":{"line":27,"column":19},"end":{"line":27,"column":20}},"loc":{"start":{"line":27,"column":32},"end":{"line":29,"column":1}},"line":27}},"branchMap":{"0":{"loc":{"start":{"line":5,"column":4},"end":{"line":5,"column":50}},"type":"if","locations":[{"start":{"line":5,"column":4},"end":{"line":5,"column":50}},{"start":{"line":5,"column":4},"end":{"line":5,"column":50}}],"line":5},"1":{"loc":{"start":{"line":16,"column":4},"end":{"line":16,"column":54}},"type":"if","locations":[{"start":{"line":16,"column":4},"end":{"line":16,"column":54}},{"start":{"line":16,"column":4},"end":{"line":16,"column":54}}],"line":16},"2":{"loc":{"start":{"line":21,"column":4},"end":{"line":21,"column":62}},"type":"if","locations":[{"start":{"line":21,"column":4},"end":{"line":21,"column":62}},{"start":{"line":21,"column":4},"end":{"line":21,"column":62}}],"line":21},"3":{"loc":{"start":{"line":23,"column":4},"end":{"line":23,"column":56}},"type":"if","locations":[{"start":{"line":23,"column":4},"end":{"line":23,"column":56}},{"start":{"line":23,"column":4},"end":{"line":23,"column":56}}],"line":23}},"s":{"0":2,"1":2,"2":8,"3":1,"4":7,"5":6,"6":2,"7":2,"8":2,"9":0,"10":0,"11":0,"12":0,"13":2,"14":0,"15":0,"16":0,"17":0,"18":0,"19":0,"20":2,"21":0,"22":2},"f":{"0":8,"1":2,"2":0,"3":0,"4":0},"b":{"0":[1,7],"1":[0,0],"2":[0,0],"3":[0,0]},"_coverageSchema":"1a1c01bbd47fc00a2c39e90264f33305004495a9","hash":"79b95ef7caf72cc987a7d85283392b82a0ef0fc9"}
,"/home/alberto/api-mongoose/test/db-handler.js": {"path":"/home/alberto/api-mongoose/test/db-handler.js","statementMap":{"0":{"start":{"line":2,"column":17},"end":{"line":2,"column":36}},"1":{"start":{"line":3,"column":30},"end":{"line":3,"column":62}},"2":{"start":{"line":5,"column":15},"end":{"line":5,"column":38}},"3":{"start":{"line":7,"column":16},"end":{"line":19,"column":1}},"4":{"start":{"line":8,"column":16},"end":{"line":8,"column":37}},"5":{"start":{"line":9,"column":28},"end":{"line":16,"column":5}},"6":{"start":{"line":18,"column":4},"end":{"line":18,"column":47}},"7":{"start":{"line":21,"column":22},"end":{"line":25,"column":1}},"8":{"start":{"line":22,"column":4},"end":{"line":22,"column":44}},"9":{"start":{"line":23,"column":4},"end":{"line":23,"column":37}},"10":{"start":{"line":24,"column":4},"end":{"line":24,"column":23}},"11":{"start":{"line":27,"column":22},"end":{"line":34,"column":1}},"12":{"start":{"line":28,"column":24},"end":{"line":28,"column":55}},"13":{"start":{"line":30,"column":4},"end":{"line":33,"column":5}},"14":{"start":{"line":31,"column":27},"end":{"line":31,"column":43}},"15":{"start":{"line":32,"column":8},"end":{"line":32,"column":37}},"16":{"start":{"line":36,"column":0},"end":{"line":40,"column":1}}},"fnMap":{"0":{"name":"(anonymous_0)","decl":{"start":{"line":7,"column":16},"end":{"line":7,"column":17}},"loc":{"start":{"line":7,"column":28},"end":{"line":19,"column":1}},"line":7},"1":{"name":"(anonymous_1)","decl":{"start":{"line":21,"column":22},"end":{"line":21,"column":23}},"loc":{"start":{"line":21,"column":33},"end":{"line":25,"column":1}},"line":21},"2":{"name":"(anonymous_2)","decl":{"start":{"line":27,"column":22},"end":{"line":27,"column":23}},"loc":{"start":{"line":27,"column":33},"end":{"line":34,"column":1}},"line":27}},"branchMap":{},"s":{"0":2,"1":2,"2":2,"3":2,"4":2,"5":2,"6":2,"7":2,"8":2,"9":2,"10":2,"11":2,"12":6,"13":6,"14":6,"15":6,"16":2},"f":{"0":2,"1":2,"2":6},"b":{},"_coverageSchema":"1a1c01bbd47fc00a2c39e90264f33305004495a9","hash":"86386e402063ab12c83778763db2dfc2b4f248af"}
,"/home/alberto/api-mongoose/utils/storage.js": {"path":"/home/alberto/api-mongoose/utils/storage.js","statementMap":{"0":{"start":{"line":1,"column":18},"end":{"line":1,"column":50}},"1":{"start":{"line":3,"column":16},"end":{"line":6,"column":2}},"2":{"start":{"line":8,"column":15},"end":{"line":8,"column":63}},"3":{"start":{"line":10,"column":0},"end":{"line":39,"column":1}},"4":{"start":{"line":11,"column":4},"end":{"line":38,"column":6}},"5":{"start":{"line":12,"column":8},"end":{"line":12,"column":49}},"6":{"start":{"line":12,"column":18},"end":{"line":12,"column":49}},"7":{"start":{"line":14,"column":28},"end":{"line":14,"column":64}},"8":{"start":{"line":16,"column":27},"end":{"line":16,"column":51}},"9":{"start":{"line":18,"column":32},"end":{"line":18,"column":59}},"10":{"start":{"line":20,"column":8},"end":{"line":20,"column":102}},"11":{"start":{"line":20,"column":58},"end":{"line":20,"column":102}},"12":{"start":{"line":22,"column":27},"end":{"line":26,"column":10}},"13":{"start":{"line":28,"column":8},"end":{"line":30,"column":10}},"14":{"start":{"line":29,"column":12},"end":{"line":29,"column":25}},"15":{"start":{"line":32,"column":8},"end":{"line":35,"column":10}},"16":{"start":{"line":33,"column":24},"end":{"line":33,"column":115}},"17":{"start":{"line":34,"column":12},"end":{"line":34,"column":24}},"18":{"start":{"line":37,"column":8},"end":{"line":37,"column":35}}},"fnMap":{"0":{"name":"(anonymous_0)","decl":{"start":{"line":10,"column":17},"end":{"line":10,"column":18}},"loc":{"start":{"line":10,"column":27},"end":{"line":39,"column":1}},"line":10},"1":{"name":"(anonymous_1)","decl":{"start":{"line":11,"column":23},"end":{"line":11,"column":24}},"loc":{"start":{"line":11,"column":44},"end":{"line":38,"column":5}},"line":11},"2":{"name":"(anonymous_2)","decl":{"start":{"line":28,"column":31},"end":{"line":28,"column":32}},"loc":{"start":{"line":28,"column":42},"end":{"line":30,"column":9}},"line":28},"3":{"name":"(anonymous_3)","decl":{"start":{"line":32,"column":32},"end":{"line":32,"column":33}},"loc":{"start":{"line":32,"column":38},"end":{"line":35,"column":9}},"line":32}},"branchMap":{"0":{"loc":{"start":{"line":12,"column":8},"end":{"line":12,"column":49}},"type":"if","locations":[{"start":{"line":12,"column":8},"end":{"line":12,"column":49}},{"start":{"line":12,"column":8},"end":{"line":12,"column":49}}],"line":12},"1":{"loc":{"start":{"line":20,"column":8},"end":{"line":20,"column":102}},"type":"if","locations":[{"start":{"line":20,"column":8},"end":{"line":20,"column":102}},{"start":{"line":20,"column":8},"end":{"line":20,"column":102}}],"line":20}},"s":{"0":1,"1":1,"2":1,"3":1,"4":0,"5":0,"6":0,"7":0,"8":0,"9":0,"10":0,"11":0,"12":0,"13":0,"14":0,"15":0,"16":0,"17":0,"18":0},"f":{"0":0,"1":0,"2":0,"3":0},"b":{"0":[0,0],"1":[0,0]},"_coverageSchema":"1a1c01bbd47fc00a2c39e90264f33305004495a9","hash":"de7e33232a7ce82375c8e9c26e42d22c3c821361"}
}
