TN:
SF:server.js
FN:13,(anonymous_0)
FN:16,(anonymous_1)
FN:43,(anonymous_2)
FN:47,(anonymous_3)
FN:61,(anonymous_4)
FNF:5
FNH:2
FNDA:0,(anonymous_0)
FNDA:0,(anonymous_1)
FNDA:0,(anonymous_2)
FNDA:1,(anonymous_3)
FNDA:1,(anonymous_4)
DA:1,1
DA:2,1
DA:3,1
DA:4,1
DA:5,1
DA:6,1
DA:7,1
DA:10,1
DA:14,0
DA:17,0
DA:21,1
DA:28,1
DA:29,1
DA:30,1
DA:33,1
DA:34,0
DA:41,1
DA:43,1
DA:44,0
DA:47,1
DA:48,1
DA:51,1
DA:53,1
DA:55,1
DA:57,1
DA:59,1
DA:61,1
DA:62,1
DA:65,1
LF:29
LH:25
BRDA:10,0,0,0
BRDA:10,0,1,1
BRDA:33,1,0,0
BRDA:33,1,1,1
BRF:4
BRH:2
end_of_record
TN:
SF:controllers/UserControllers.js
FN:3,(anonymous_0)
FN:12,(anonymous_1)
FN:21,(anonymous_2)
FN:31,(anonymous_3)
FN:41,(anonymous_4)
FNF:5
FNH:2
FNDA:2,(anonymous_0)
FNDA:1,(anonymous_1)
FNDA:0,(anonymous_2)
FNDA:0,(anonymous_3)
FNDA:0,(anonymous_4)
DA:1,1
DA:3,1
DA:4,2
DA:5,2
DA:6,1
DA:8,1
DA:12,1
DA:13,1
DA:14,1
DA:15,1
DA:17,0
DA:21,1
DA:22,0
DA:23,0
DA:24,0
DA:25,0
DA:27,0
DA:31,1
DA:32,0
DA:33,0
DA:34,0
DA:35,0
DA:37,0
DA:41,1
DA:42,0
DA:43,0
DA:44,0
DA:45,0
DA:47,0
DA:51,1
LF:30
LH:14
BRF:0
BRH:0
end_of_record
TN:
SF:middlewares/manageFiles.js
FN:2,(anonymous_0)
FNF:1
FNH:1
FNDA:2,(anonymous_0)
DA:1,1
DA:2,1
DA:3,2
DA:4,0
DA:5,0
DA:6,0
DA:8,2
DA:9,0
DA:11,0
LF:9
LH:4
BRDA:3,0,0,0
BRDA:3,0,1,2
BRDA:4,1,0,0
BRDA:4,1,1,0
BRDA:8,2,0,2
BRDA:8,2,1,0
BRF:6
BRH:2
end_of_record
TN:
SF:models/Users.js
FNF:0
FNH:0
DA:1,2
DA:2,2
DA:4,2
DA:27,2
DA:29,2
LF:5
LH:5
BRF:0
BRH:0
end_of_record
TN:
SF:services/UserServices.js
FN:4,(anonymous_0)
FN:10,(anonymous_1)
FN:14,(anonymous_2)
FN:20,(anonymous_3)
FN:27,(anonymous_4)
FNF:5
FNH:2
FNDA:8,(anonymous_0)
FNDA:2,(anonymous_1)
FNDA:0,(anonymous_2)
FNDA:0,(anonymous_3)
FNDA:0,(anonymous_4)
DA:1,2
DA:4,2
DA:5,8
DA:6,7
DA:7,6
DA:10,2
DA:11,2
DA:14,2
DA:15,0
DA:16,0
DA:17,0
DA:20,2
DA:21,0
DA:22,0
DA:23,0
DA:24,0
DA:27,2
DA:28,0
DA:31,2
LF:19
LH:11
BRDA:5,0,0,1
BRDA:5,0,1,7
BRDA:16,1,0,0
BRDA:16,1,1,0
BRDA:21,2,0,0
BRDA:21,2,1,0
BRDA:23,3,0,0
BRDA:23,3,1,0
BRF:8
BRH:2
end_of_record
TN:
SF:test/db-handler.js
FN:7,(anonymous_0)
FN:21,(anonymous_1)
FN:27,(anonymous_2)
FNF:3
FNH:3
FNDA:2,(anonymous_0)
FNDA:2,(anonymous_1)
FNDA:6,(anonymous_2)
DA:2,2
DA:3,2
DA:5,2
DA:7,2
DA:8,2
DA:9,2
DA:18,2
DA:21,2
DA:22,2
DA:23,2
DA:24,2
DA:27,2
DA:28,6
DA:30,6
DA:31,6
DA:32,6
DA:36,2
LF:17
LH:17
BRF:0
BRH:0
end_of_record
TN:
SF:utils/storage.js
FN:10,(anonymous_0)
FN:11,(anonymous_1)
FN:28,(anonymous_2)
FN:32,(anonymous_3)
FNF:4
FNH:0
FNDA:0,(anonymous_0)
FNDA:0,(anonymous_1)
FNDA:0,(anonymous_2)
FNDA:0,(anonymous_3)
DA:1,1
DA:3,1
DA:8,1
DA:10,1
DA:11,0
DA:12,0
DA:14,0
DA:16,0
DA:18,0
DA:20,0
DA:22,0
DA:28,0
DA:29,0
DA:32,0
DA:33,0
DA:34,0
DA:37,0
LF:17
LH:4
BRDA:12,0,0,0
BRDA:12,0,1,0
BRDA:20,1,0,0
BRDA:20,1,1,0
BRF:4
BRH:0
end_of_record
